<?xml version="1.0" encoding="UTF-8"?>
<!-- Generated by org.testng.reporters.JUnitReportReporter -->
<testsuite skipped="0" hostname="DESKTOP-GQ48109" name="restApiTestes.Get_Or_Read_A_Product" tests="1" failures="0" timestamp="26 Jan 2021 19:43:20 GMT" time="1.981" errors="0">
  <testcase name="read_A_Product" time="1.981" classname="restApiTestes.Get_Or_Read_A_Product"/>
</testsuite> <!-- restApiTestes.Get_Or_Read_A_Product -->
