<?xml version="1.0" encoding="UTF-8"?>
<!-- Generated by org.testng.reporters.JUnitReportReporter -->
<testsuite skipped="0" hostname="DESKTOP-GQ48109" name="restApiTestes.Get_Or_Read_A_Product$Get_Or_Read_All_Products" tests="1" failures="0" timestamp="02 Jan 2021 17:47:03 GMT" time="1.551" errors="0">
  <testcase name="read_All_Products" time="1.551" classname="restApiTestes.Get_Or_Read_A_Product$Get_Or_Read_All_Products"/>
</testsuite> <!-- restApiTestes.Get_Or_Read_A_Product$Get_Or_Read_All_Products -->
