<?xml version="1.0" encoding="UTF-8"?>
<!-- Generated by org.testng.reporters.JUnitReportReporter -->
<testsuite skipped="0" hostname="DESKTOP-GQ48109" name="restApiTestes.Update_A_Product" tests="1" failures="0" timestamp="27 Jan 2021 18:45:42 GMT" time="2.336" errors="0">
  <testcase name="update_A_Product" time="2.336" classname="restApiTestes.Update_A_Product"/>
</testsuite> <!-- restApiTestes.Update_A_Product -->
