<?xml version="1.0" encoding="UTF-8"?>
<!-- Generated by org.testng.reporters.JUnitReportReporter -->
<testsuite skipped="0" hostname="DESKTOP-GQ48109" name="restApiTestes.Create_A_Product" tests="1" failures="0" timestamp="26 Jan 2021 20:09:04 GMT" time="1.747" errors="0">
  <testcase name="create_A_Product" time="1.747" classname="restApiTestes.Create_A_Product"/>
</testsuite> <!-- restApiTestes.Create_A_Product -->
