<?xml version="1.0" encoding="UTF-8"?>
<!-- Generated by org.testng.reporters.JUnitReportReporter -->
<testsuite skipped="0" hostname="DESKTOP-GQ48109" name="restApiTestes.Get_Or_Read_All_Products" tests="1" failures="0" timestamp="26 Jan 2021 19:07:05 GMT" time="3.112" errors="0">
  <testcase name="read_All_Products" time="3.112" classname="restApiTestes.Get_Or_Read_All_Products"/>
</testsuite> <!-- restApiTestes.Get_Or_Read_All_Products -->
